{"/Users/DaveeSok/codefellows/myProjects/offerup-back/server.js": {"path":"/Users/DaveeSok/codefellows/myProjects/offerup-back/server.js","statementMap":{"0":{"start":{"line":3,"column":16},"end":{"line":3,"column":34}},"1":{"start":{"line":5,"column":12},"end":{"line":5,"column":21}},"2":{"start":{"line":6,"column":13},"end":{"line":6,"column":28}},"3":{"start":{"line":8,"column":24},"end":{"line":8,"column":54}},"4":{"start":{"line":9,"column":21},"end":{"line":9,"column":51}},"5":{"start":{"line":10,"column":18},"end":{"line":10,"column":54}},"6":{"start":{"line":11,"column":15},"end":{"line":11,"column":48}},"7":{"start":{"line":12,"column":19},"end":{"line":12,"column":58}},"8":{"start":{"line":13,"column":17},"end":{"line":13,"column":39}},"9":{"start":{"line":14,"column":17},"end":{"line":14,"column":39}},"10":{"start":{"line":16,"column":0},"end":{"line":16,"column":19}},"11":{"start":{"line":17,"column":0},"end":{"line":17,"column":16}},"12":{"start":{"line":18,"column":0},"end":{"line":18,"column":16}},"13":{"start":{"line":19,"column":0},"end":{"line":19,"column":24}},"14":{"start":{"line":20,"column":0},"end":{"line":20,"column":48}},"15":{"start":{"line":22,"column":0},"end":{"line":22,"column":20}},"16":{"start":{"line":23,"column":0},"end":{"line":23,"column":30}},"17":{"start":{"line":24,"column":0},"end":{"line":24,"column":30}},"18":{"start":{"line":26,"column":0},"end":{"line":28,"column":3}},"19":{"start":{"line":27,"column":2},"end":{"line":27,"column":49}},"20":{"start":{"line":30,"column":0},"end":{"line":30,"column":30}},"21":{"start":{"line":31,"column":0},"end":{"line":31,"column":22}},"22":{"start":{"line":33,"column":0},"end":{"line":36,"column":2}},"23":{"start":{"line":35,"column":19},"end":{"line":35,"column":77}}},"fnMap":{"0":{"name":"(anonymous_0)","decl":{"start":{"line":26,"column":13},"end":{"line":26,"column":14}},"loc":{"start":{"line":26,"column":33},"end":{"line":28,"column":1}},"line":26},"1":{"name":"(anonymous_1)","decl":{"start":{"line":35,"column":9},"end":{"line":35,"column":10}},"loc":{"start":{"line":35,"column":19},"end":{"line":35,"column":77}},"line":35}},"branchMap":{},"s":{"0":5,"1":5,"2":5,"3":5,"4":5,"5":5,"6":5,"7":5,"8":5,"9":5,"10":5,"11":5,"12":5,"13":5,"14":5,"15":5,"16":5,"17":5,"18":5,"19":0,"20":5,"21":5,"22":5,"23":0},"f":{"0":0,"1":0},"b":{},"_coverageSchema":"1a1c01bbd47fc00a2c39e90264f33305004495a9","hash":"7ce5e108ac9f4385b23067abf9b46714b5f21123"}
,"/Users/DaveeSok/codefellows/myProjects/offerup-back/api/v1.js": {"path":"/Users/DaveeSok/codefellows/myProjects/offerup-back/api/v1.js","statementMap":{"0":{"start":{"line":3,"column":12},"end":{"line":3,"column":25}},"1":{"start":{"line":4,"column":16},"end":{"line":4,"column":34}},"2":{"start":{"line":5,"column":15},"end":{"line":5,"column":31}},"3":{"start":{"line":6,"column":20},"end":{"line":6,"column":64}},"4":{"start":{"line":8,"column":0},"end":{"line":8,"column":40}},"5":{"start":{"line":9,"column":0},"end":{"line":9,"column":35}},"6":{"start":{"line":12,"column":0},"end":{"line":14,"column":3}},"7":{"start":{"line":13,"column":2},"end":{"line":13,"column":47}},"8":{"start":{"line":16,"column":0},"end":{"line":16,"column":36}},"9":{"start":{"line":17,"column":0},"end":{"line":17,"column":35}},"10":{"start":{"line":18,"column":0},"end":{"line":18,"column":40}},"11":{"start":{"line":19,"column":0},"end":{"line":19,"column":37}},"12":{"start":{"line":20,"column":0},"end":{"line":20,"column":43}},"13":{"start":{"line":23,"column":2},"end":{"line":23,"column":44}},"14":{"start":{"line":24,"column":15},"end":{"line":24,"column":39}},"15":{"start":{"line":25,"column":2},"end":{"line":25,"column":29}},"16":{"start":{"line":29,"column":2},"end":{"line":38,"column":3}},"17":{"start":{"line":30,"column":17},"end":{"line":30,"column":47}},"18":{"start":{"line":31,"column":19},"end":{"line":34,"column":5}},"19":{"start":{"line":35,"column":4},"end":{"line":35,"column":33}},"20":{"start":{"line":37,"column":4},"end":{"line":37,"column":12}},"21":{"start":{"line":42,"column":2},"end":{"line":47,"column":3}},"22":{"start":{"line":43,"column":19},"end":{"line":43,"column":62}},"23":{"start":{"line":44,"column":4},"end":{"line":44,"column":36}},"24":{"start":{"line":46,"column":4},"end":{"line":46,"column":12}},"25":{"start":{"line":51,"column":2},"end":{"line":56,"column":3}},"26":{"start":{"line":52,"column":19},"end":{"line":52,"column":51}},"27":{"start":{"line":53,"column":4},"end":{"line":53,"column":33}},"28":{"start":{"line":55,"column":4},"end":{"line":55,"column":12}},"29":{"start":{"line":60,"column":2},"end":{"line":65,"column":3}},"30":{"start":{"line":61,"column":19},"end":{"line":61,"column":66}},"31":{"start":{"line":62,"column":4},"end":{"line":62,"column":33}},"32":{"start":{"line":64,"column":4},"end":{"line":64,"column":12}},"33":{"start":{"line":69,"column":2},"end":{"line":74,"column":3}},"34":{"start":{"line":70,"column":4},"end":{"line":70,"column":42}},"35":{"start":{"line":71,"column":4},"end":{"line":71,"column":29}},"36":{"start":{"line":73,"column":4},"end":{"line":73,"column":12}},"37":{"start":{"line":77,"column":0},"end":{"line":77,"column":24}}},"fnMap":{"0":{"name":"(anonymous_0)","decl":{"start":{"line":12,"column":29},"end":{"line":12,"column":30}},"loc":{"start":{"line":12,"column":43},"end":{"line":14,"column":1}},"line":12},"1":{"name":"getModelList","decl":{"start":{"line":22,"column":15},"end":{"line":22,"column":27}},"loc":{"start":{"line":22,"column":44},"end":{"line":26,"column":1}},"line":22},"2":{"name":"handleGetAll","decl":{"start":{"line":28,"column":15},"end":{"line":28,"column":27}},"loc":{"start":{"line":28,"column":44},"end":{"line":39,"column":1}},"line":28},"3":{"name":"handleGetOne","decl":{"start":{"line":41,"column":15},"end":{"line":41,"column":27}},"loc":{"start":{"line":41,"column":44},"end":{"line":48,"column":1}},"line":41},"4":{"name":"handlePost","decl":{"start":{"line":50,"column":15},"end":{"line":50,"column":25}},"loc":{"start":{"line":50,"column":42},"end":{"line":57,"column":1}},"line":50},"5":{"name":"handlePut","decl":{"start":{"line":59,"column":15},"end":{"line":59,"column":24}},"loc":{"start":{"line":59,"column":41},"end":{"line":66,"column":1}},"line":59},"6":{"name":"handleDelete","decl":{"start":{"line":68,"column":15},"end":{"line":68,"column":27}},"loc":{"start":{"line":68,"column":44},"end":{"line":75,"column":1}},"line":68}},"branchMap":{},"s":{"0":5,"1":5,"2":5,"3":5,"4":5,"5":5,"6":5,"7":0,"8":5,"9":5,"10":5,"11":5,"12":5,"13":0,"14":0,"15":0,"16":2,"17":2,"18":2,"19":2,"20":0,"21":4,"22":4,"23":4,"24":0,"25":7,"26":7,"27":6,"28":1,"29":2,"30":2,"31":2,"32":0,"33":2,"34":2,"35":2,"36":0,"37":5},"f":{"0":0,"1":0,"2":2,"3":4,"4":7,"5":2,"6":2},"b":{},"_coverageSchema":"1a1c01bbd47fc00a2c39e90264f33305004495a9","hash":"592635c96af2750c55a9e21085bb1ac91ffbe80c"}
,"/Users/DaveeSok/codefellows/myProjects/offerup-back/api/v2.js": {"path":"/Users/DaveeSok/codefellows/myProjects/offerup-back/api/v2.js","statementMap":{"0":{"start":{"line":3,"column":12},"end":{"line":3,"column":25}},"1":{"start":{"line":4,"column":16},"end":{"line":4,"column":34}},"2":{"start":{"line":5,"column":15},"end":{"line":5,"column":31}},"3":{"start":{"line":6,"column":20},"end":{"line":6,"column":64}},"4":{"start":{"line":7,"column":19},"end":{"line":7,"column":58}},"5":{"start":{"line":8,"column":20},"end":{"line":8,"column":56}},"6":{"start":{"line":10,"column":0},"end":{"line":10,"column":40}},"7":{"start":{"line":11,"column":0},"end":{"line":11,"column":35}},"8":{"start":{"line":14,"column":0},"end":{"line":16,"column":3}},"9":{"start":{"line":15,"column":2},"end":{"line":15,"column":47}},"10":{"start":{"line":18,"column":0},"end":{"line":18,"column":69}},"11":{"start":{"line":19,"column":0},"end":{"line":19,"column":73}},"12":{"start":{"line":20,"column":0},"end":{"line":20,"column":70}},"13":{"start":{"line":21,"column":0},"end":{"line":21,"column":72}},"14":{"start":{"line":22,"column":0},"end":{"line":22,"column":78}},"15":{"start":{"line":25,"column":2},"end":{"line":25,"column":44}},"16":{"start":{"line":26,"column":15},"end":{"line":26,"column":39}},"17":{"start":{"line":27,"column":2},"end":{"line":27,"column":29}},"18":{"start":{"line":31,"column":2},"end":{"line":40,"column":3}},"19":{"start":{"line":32,"column":17},"end":{"line":32,"column":47}},"20":{"start":{"line":33,"column":19},"end":{"line":36,"column":5}},"21":{"start":{"line":37,"column":4},"end":{"line":37,"column":33}},"22":{"start":{"line":39,"column":4},"end":{"line":39,"column":12}},"23":{"start":{"line":44,"column":2},"end":{"line":49,"column":3}},"24":{"start":{"line":45,"column":19},"end":{"line":45,"column":62}},"25":{"start":{"line":46,"column":4},"end":{"line":46,"column":36}},"26":{"start":{"line":48,"column":4},"end":{"line":48,"column":12}},"27":{"start":{"line":53,"column":2},"end":{"line":58,"column":3}},"28":{"start":{"line":54,"column":19},"end":{"line":54,"column":51}},"29":{"start":{"line":55,"column":4},"end":{"line":55,"column":33}},"30":{"start":{"line":57,"column":4},"end":{"line":57,"column":12}},"31":{"start":{"line":62,"column":2},"end":{"line":67,"column":3}},"32":{"start":{"line":63,"column":19},"end":{"line":63,"column":66}},"33":{"start":{"line":64,"column":4},"end":{"line":64,"column":33}},"34":{"start":{"line":66,"column":4},"end":{"line":66,"column":12}},"35":{"start":{"line":71,"column":2},"end":{"line":76,"column":3}},"36":{"start":{"line":72,"column":4},"end":{"line":72,"column":42}},"37":{"start":{"line":73,"column":4},"end":{"line":73,"column":29}},"38":{"start":{"line":75,"column":4},"end":{"line":75,"column":12}},"39":{"start":{"line":79,"column":0},"end":{"line":79,"column":24}}},"fnMap":{"0":{"name":"(anonymous_0)","decl":{"start":{"line":14,"column":29},"end":{"line":14,"column":30}},"loc":{"start":{"line":14,"column":43},"end":{"line":16,"column":1}},"line":14},"1":{"name":"getModelList","decl":{"start":{"line":24,"column":15},"end":{"line":24,"column":27}},"loc":{"start":{"line":24,"column":44},"end":{"line":28,"column":1}},"line":24},"2":{"name":"handleGetAll","decl":{"start":{"line":30,"column":15},"end":{"line":30,"column":27}},"loc":{"start":{"line":30,"column":44},"end":{"line":41,"column":1}},"line":30},"3":{"name":"handleGetOne","decl":{"start":{"line":43,"column":15},"end":{"line":43,"column":27}},"loc":{"start":{"line":43,"column":44},"end":{"line":50,"column":1}},"line":43},"4":{"name":"handlePost","decl":{"start":{"line":52,"column":15},"end":{"line":52,"column":25}},"loc":{"start":{"line":52,"column":42},"end":{"line":59,"column":1}},"line":52},"5":{"name":"handlePut","decl":{"start":{"line":61,"column":15},"end":{"line":61,"column":24}},"loc":{"start":{"line":61,"column":41},"end":{"line":68,"column":1}},"line":61},"6":{"name":"handleDelete","decl":{"start":{"line":70,"column":15},"end":{"line":70,"column":27}},"loc":{"start":{"line":70,"column":44},"end":{"line":77,"column":1}},"line":70}},"branchMap":{},"s":{"0":5,"1":5,"2":5,"3":5,"4":5,"5":5,"6":5,"7":5,"8":5,"9":0,"10":5,"11":5,"12":5,"13":5,"14":5,"15":0,"16":0,"17":0,"18":0,"19":0,"20":0,"21":0,"22":0,"23":0,"24":0,"25":0,"26":0,"27":0,"28":0,"29":0,"30":0,"31":0,"32":0,"33":0,"34":0,"35":0,"36":0,"37":0,"38":0,"39":5},"f":{"0":0,"1":0,"2":0,"3":0,"4":0,"5":0,"6":0},"b":{},"_coverageSchema":"1a1c01bbd47fc00a2c39e90264f33305004495a9","hash":"529eeee949b6ed8a5dbad6d418f32c6c09e6c42e"}
,"/Users/DaveeSok/codefellows/myProjects/offerup-back/auth/middleware/acl.js": {"path":"/Users/DaveeSok/codefellows/myProjects/offerup-back/auth/middleware/acl.js","statementMap":{"0":{"start":{"line":3,"column":0},"end":{"line":11,"column":2}},"1":{"start":{"line":4,"column":2},"end":{"line":10,"column":4}},"2":{"start":{"line":5,"column":4},"end":{"line":9,"column":5}},"3":{"start":{"line":6,"column":6},"end":{"line":6,"column":13}},"4":{"start":{"line":8,"column":6},"end":{"line":8,"column":41}}},"fnMap":{"0":{"name":"(anonymous_0)","decl":{"start":{"line":3,"column":17},"end":{"line":3,"column":18}},"loc":{"start":{"line":3,"column":33},"end":{"line":11,"column":1}},"line":3},"1":{"name":"(anonymous_1)","decl":{"start":{"line":4,"column":9},"end":{"line":4,"column":10}},"loc":{"start":{"line":4,"column":29},"end":{"line":10,"column":3}},"line":4}},"branchMap":{"0":{"loc":{"start":{"line":5,"column":4},"end":{"line":9,"column":5}},"type":"if","locations":[{"start":{"line":5,"column":4},"end":{"line":9,"column":5}},{"start":{"line":5,"column":4},"end":{"line":9,"column":5}}],"line":5}},"s":{"0":5,"1":30,"2":0,"3":0,"4":0},"f":{"0":30,"1":0},"b":{"0":[0,0]},"_coverageSchema":"1a1c01bbd47fc00a2c39e90264f33305004495a9","hash":"2c29024b38dd8d6c951b0155a75dd5d23d675c3b"}
,"/Users/DaveeSok/codefellows/myProjects/offerup-back/auth/middleware/basic.js": {"path":"/Users/DaveeSok/codefellows/myProjects/offerup-back/auth/middleware/basic.js","statementMap":{"0":{"start":{"line":3,"column":15},"end":{"line":3,"column":33}},"1":{"start":{"line":4,"column":13},"end":{"line":4,"column":47}},"2":{"start":{"line":6,"column":0},"end":{"line":22,"column":2}},"3":{"start":{"line":7,"column":2},"end":{"line":21,"column":3}},"4":{"start":{"line":8,"column":26},"end":{"line":8,"column":51}},"5":{"start":{"line":9,"column":20},"end":{"line":9,"column":47}},"6":{"start":{"line":10,"column":18},"end":{"line":10,"column":40}},"7":{"start":{"line":11,"column":33},"end":{"line":11,"column":49}},"8":{"start":{"line":13,"column":23},"end":{"line":13,"column":67}},"9":{"start":{"line":15,"column":4},"end":{"line":15,"column":26}},"10":{"start":{"line":16,"column":4},"end":{"line":16,"column":43}},"11":{"start":{"line":17,"column":4},"end":{"line":17,"column":11}},"12":{"start":{"line":19,"column":4},"end":{"line":19,"column":57}},"13":{"start":{"line":20,"column":4},"end":{"line":20,"column":26}}},"fnMap":{"0":{"name":"(anonymous_0)","decl":{"start":{"line":6,"column":17},"end":{"line":6,"column":18}},"loc":{"start":{"line":6,"column":43},"end":{"line":22,"column":1}},"line":6}},"branchMap":{},"s":{"0":5,"1":5,"2":5,"3":1,"4":1,"5":1,"6":1,"7":1,"8":1,"9":1,"10":1,"11":1,"12":0,"13":0},"f":{"0":1},"b":{},"_coverageSchema":"1a1c01bbd47fc00a2c39e90264f33305004495a9","hash":"3e5873f32b770a5990b51a64c4ab2f7fe249e296"}
,"/Users/DaveeSok/codefellows/myProjects/offerup-back/auth/middleware/bearer.js": {"path":"/Users/DaveeSok/codefellows/myProjects/offerup-back/auth/middleware/bearer.js","statementMap":{"0":{"start":{"line":3,"column":13},"end":{"line":3,"column":47}},"1":{"start":{"line":5,"column":0},"end":{"line":19,"column":2}},"2":{"start":{"line":6,"column":2},"end":{"line":8,"column":3}},"3":{"start":{"line":7,"column":4},"end":{"line":7,"column":26}},"4":{"start":{"line":9,"column":2},"end":{"line":18,"column":3}},"5":{"start":{"line":10,"column":18},"end":{"line":10,"column":60}},"6":{"start":{"line":11,"column":22},"end":{"line":11,"column":61}},"7":{"start":{"line":12,"column":4},"end":{"line":12,"column":25}},"8":{"start":{"line":13,"column":4},"end":{"line":13,"column":22}},"9":{"start":{"line":14,"column":4},"end":{"line":14,"column":11}},"10":{"start":{"line":16,"column":4},"end":{"line":16,"column":45}},"11":{"start":{"line":17,"column":4},"end":{"line":17,"column":26}}},"fnMap":{"0":{"name":"(anonymous_0)","decl":{"start":{"line":5,"column":17},"end":{"line":5,"column":18}},"loc":{"start":{"line":5,"column":43},"end":{"line":19,"column":1}},"line":5}},"branchMap":{"0":{"loc":{"start":{"line":6,"column":2},"end":{"line":8,"column":3}},"type":"if","locations":[{"start":{"line":6,"column":2},"end":{"line":8,"column":3}},{"start":{"line":6,"column":2},"end":{"line":8,"column":3}}],"line":6}},"s":{"0":5,"1":5,"2":0,"3":0,"4":0,"5":0,"6":0,"7":0,"8":0,"9":0,"10":0,"11":0},"f":{"0":0},"b":{"0":[0,0]},"_coverageSchema":"1a1c01bbd47fc00a2c39e90264f33305004495a9","hash":"b290112a6762079dcf7074278ddab1bc37227452"}
,"/Users/DaveeSok/codefellows/myProjects/offerup-back/auth/models/user-model.js": {"path":"/Users/DaveeSok/codefellows/myProjects/offerup-back/auth/models/user-model.js","statementMap":{"0":{"start":{"line":3,"column":17},"end":{"line":3,"column":36}},"1":{"start":{"line":4,"column":15},"end":{"line":4,"column":32}},"2":{"start":{"line":5,"column":12},"end":{"line":5,"column":35}},"3":{"start":{"line":7,"column":13},"end":{"line":16,"column":2}},"4":{"start":{"line":18,"column":0},"end":{"line":20,"column":3}},"5":{"start":{"line":19,"column":2},"end":{"line":19,"column":54}},"6":{"start":{"line":22,"column":14},"end":{"line":27,"column":1}},"7":{"start":{"line":29,"column":0},"end":{"line":31,"column":2}},"8":{"start":{"line":30,"column":2},"end":{"line":30,"column":47}},"9":{"start":{"line":33,"column":0},"end":{"line":44,"column":2}},"10":{"start":{"line":34,"column":14},"end":{"line":38,"column":3}},"11":{"start":{"line":39,"column":18},"end":{"line":41,"column":3}},"12":{"start":{"line":42,"column":16},"end":{"line":42,"column":58}},"13":{"start":{"line":43,"column":2},"end":{"line":43,"column":15}},"14":{"start":{"line":46,"column":0},"end":{"line":50,"column":2}},"15":{"start":{"line":47,"column":15},"end":{"line":47,"column":57}},"16":{"start":{"line":48,"column":18},"end":{"line":48,"column":63}},"17":{"start":{"line":49,"column":2},"end":{"line":49,"column":36}},"18":{"start":{"line":52,"column":0},"end":{"line":56,"column":2}},"19":{"start":{"line":53,"column":22},"end":{"line":53,"column":59}},"20":{"start":{"line":54,"column":15},"end":{"line":54,"column":63}},"21":{"start":{"line":55,"column":2},"end":{"line":55,"column":14}},"22":{"start":{"line":58,"column":0},"end":{"line":58,"column":46}}},"fnMap":{"0":{"name":"(anonymous_0)","decl":{"start":{"line":18,"column":17},"end":{"line":18,"column":18}},"loc":{"start":{"line":18,"column":35},"end":{"line":20,"column":1}},"line":18},"1":{"name":"(anonymous_1)","decl":{"start":{"line":29,"column":19},"end":{"line":29,"column":20}},"loc":{"start":{"line":29,"column":41},"end":{"line":31,"column":1}},"line":29},"2":{"name":"(anonymous_2)","decl":{"start":{"line":33,"column":29},"end":{"line":33,"column":30}},"loc":{"start":{"line":33,"column":41},"end":{"line":44,"column":1}},"line":33},"3":{"name":"(anonymous_3)","decl":{"start":{"line":46,"column":29},"end":{"line":46,"column":30}},"loc":{"start":{"line":46,"column":65},"end":{"line":50,"column":1}},"line":46},"4":{"name":"(anonymous_4)","decl":{"start":{"line":52,"column":37},"end":{"line":52,"column":38}},"loc":{"start":{"line":52,"column":54},"end":{"line":56,"column":1}},"line":52}},"branchMap":{"0":{"loc":{"start":{"line":49,"column":9},"end":{"line":49,"column":35}},"type":"cond-expr","locations":[{"start":{"line":49,"column":19},"end":{"line":49,"column":23}},{"start":{"line":49,"column":26},"end":{"line":49,"column":35}}],"line":49}},"s":{"0":5,"1":5,"2":5,"3":5,"4":5,"5":2,"6":5,"7":5,"8":0,"9":5,"10":3,"11":3,"12":3,"13":2,"14":5,"15":1,"16":1,"17":1,"18":5,"19":0,"20":0,"21":0,"22":5},"f":{"0":2,"1":0,"2":3,"3":1,"4":0},"b":{"0":[1,0]},"_coverageSchema":"1a1c01bbd47fc00a2c39e90264f33305004495a9","hash":"b49638978fc7fb05622aa26f6749227746f08c1b"}
,"/Users/DaveeSok/codefellows/myProjects/offerup-back/auth/routes/auth-routes.js": {"path":"/Users/DaveeSok/codefellows/myProjects/offerup-back/auth/routes/auth-routes.js","statementMap":{"0":{"start":{"line":3,"column":16},"end":{"line":3,"column":34}},"1":{"start":{"line":4,"column":15},"end":{"line":4,"column":31}},"2":{"start":{"line":6,"column":13},"end":{"line":6,"column":47}},"3":{"start":{"line":7,"column":18},"end":{"line":7,"column":51}},"4":{"start":{"line":8,"column":19},"end":{"line":8,"column":53}},"5":{"start":{"line":9,"column":19},"end":{"line":9,"column":50}},"6":{"start":{"line":11,"column":0},"end":{"line":11,"column":37}},"7":{"start":{"line":12,"column":0},"end":{"line":12,"column":48}},"8":{"start":{"line":15,"column":0},"end":{"line":15,"column":49}},"9":{"start":{"line":16,"column":0},"end":{"line":16,"column":72}},"10":{"start":{"line":20,"column":2},"end":{"line":40,"column":3}},"11":{"start":{"line":21,"column":16},"end":{"line":25,"column":5}},"12":{"start":{"line":27,"column":19},"end":{"line":27,"column":32}},"13":{"start":{"line":28,"column":20},"end":{"line":28,"column":39}},"14":{"start":{"line":29,"column":18},"end":{"line":29,"column":40}},"15":{"start":{"line":31,"column":19},"end":{"line":34,"column":5}},"16":{"start":{"line":36,"column":4},"end":{"line":36,"column":27}},"17":{"start":{"line":37,"column":4},"end":{"line":37,"column":33}},"18":{"start":{"line":39,"column":4},"end":{"line":39,"column":24}},"19":{"start":{"line":44,"column":2},"end":{"line":53,"column":3}},"20":{"start":{"line":45,"column":19},"end":{"line":48,"column":5}},"21":{"start":{"line":49,"column":4},"end":{"line":49,"column":31}},"22":{"start":{"line":50,"column":4},"end":{"line":50,"column":33}},"23":{"start":{"line":52,"column":4},"end":{"line":52,"column":24}},"24":{"start":{"line":58,"column":2},"end":{"line":64,"column":3}},"25":{"start":{"line":59,"column":21},"end":{"line":59,"column":40}},"26":{"start":{"line":60,"column":4},"end":{"line":60,"column":31}},"27":{"start":{"line":61,"column":4},"end":{"line":61,"column":35}},"28":{"start":{"line":63,"column":4},"end":{"line":63,"column":16}},"29":{"start":{"line":68,"column":2},"end":{"line":68,"column":57}},"30":{"start":{"line":71,"column":0},"end":{"line":71,"column":24}}},"fnMap":{"0":{"name":"handleSignUp","decl":{"start":{"line":19,"column":15},"end":{"line":19,"column":27}},"loc":{"start":{"line":19,"column":44},"end":{"line":41,"column":1}},"line":19},"1":{"name":"handleSignIn","decl":{"start":{"line":43,"column":15},"end":{"line":43,"column":27}},"loc":{"start":{"line":43,"column":44},"end":{"line":54,"column":1}},"line":43},"2":{"name":"getAllusers","decl":{"start":{"line":57,"column":15},"end":{"line":57,"column":26}},"loc":{"start":{"line":57,"column":43},"end":{"line":65,"column":1}},"line":57},"3":{"name":"userCanUpdate","decl":{"start":{"line":67,"column":9},"end":{"line":67,"column":22}},"loc":{"start":{"line":67,"column":39},"end":{"line":69,"column":1}},"line":67}},"branchMap":{},"s":{"0":5,"1":5,"2":5,"3":5,"4":5,"5":5,"6":5,"7":5,"8":5,"9":5,"10":2,"11":2,"12":2,"13":2,"14":2,"15":1,"16":1,"17":1,"18":1,"19":1,"20":1,"21":1,"22":1,"23":0,"24":0,"25":0,"26":0,"27":0,"28":0,"29":0,"30":5},"f":{"0":2,"1":1,"2":0,"3":0},"b":{},"_coverageSchema":"1a1c01bbd47fc00a2c39e90264f33305004495a9","hash":"223b592cd77a9233b0cc348903f14646b3075077"}
,"/Users/DaveeSok/codefellows/myProjects/offerup-back/middleware/404.js": {"path":"/Users/DaveeSok/codefellows/myProjects/offerup-back/middleware/404.js","statementMap":{"0":{"start":{"line":13,"column":0},"end":{"line":16,"column":2}},"1":{"start":{"line":14,"column":14},"end":{"line":14,"column":45}},"2":{"start":{"line":15,"column":2},"end":{"line":15,"column":36}}},"fnMap":{"0":{"name":"(anonymous_0)","decl":{"start":{"line":13,"column":17},"end":{"line":13,"column":18}},"loc":{"start":{"line":13,"column":35},"end":{"line":16,"column":1}},"line":13}},"branchMap":{},"s":{"0":5,"1":1,"2":1},"f":{"0":1},"b":{},"_coverageSchema":"1a1c01bbd47fc00a2c39e90264f33305004495a9","hash":"b2497611b30b38a3827d392c3348affcbb4fcc16"}
,"/Users/DaveeSok/codefellows/myProjects/offerup-back/middleware/500.js": {"path":"/Users/DaveeSok/codefellows/myProjects/offerup-back/middleware/500.js","statementMap":{"0":{"start":{"line":15,"column":0},"end":{"line":18,"column":2}},"1":{"start":{"line":16,"column":14},"end":{"line":16,"column":28}},"2":{"start":{"line":17,"column":2},"end":{"line":17,"column":36}}},"fnMap":{"0":{"name":"(anonymous_0)","decl":{"start":{"line":15,"column":17},"end":{"line":15,"column":18}},"loc":{"start":{"line":15,"column":42},"end":{"line":18,"column":1}},"line":15}},"branchMap":{},"s":{"0":5,"1":2,"2":2},"f":{"0":2},"b":{},"_coverageSchema":"1a1c01bbd47fc00a2c39e90264f33305004495a9","hash":"cec52961210b01e0aa54f72bdb27a4bd4a53ace8"}
,"/Users/DaveeSok/codefellows/myProjects/offerup-back/middleware/logger.js": {"path":"/Users/DaveeSok/codefellows/myProjects/offerup-back/middleware/logger.js","statementMap":{"0":{"start":{"line":3,"column":0},"end":{"line":7,"column":2}},"1":{"start":{"line":4,"column":2},"end":{"line":4,"column":36}},"2":{"start":{"line":5,"column":2},"end":{"line":5,"column":49}},"3":{"start":{"line":6,"column":2},"end":{"line":6,"column":9}}},"fnMap":{"0":{"name":"(anonymous_0)","decl":{"start":{"line":3,"column":17},"end":{"line":3,"column":18}},"loc":{"start":{"line":3,"column":37},"end":{"line":7,"column":1}},"line":3}},"branchMap":{},"s":{"0":5,"1":21,"2":21,"3":21},"f":{"0":21},"b":{},"_coverageSchema":"1a1c01bbd47fc00a2c39e90264f33305004495a9","hash":"8d85a5952ebfcbaf4acdf7497b933ad3d19675de"}
,"/Users/DaveeSok/codefellows/myProjects/offerup-back/middleware/model-finder.js": {"path":"/Users/DaveeSok/codefellows/myProjects/offerup-back/middleware/model-finder.js","statementMap":{"0":{"start":{"line":2,"column":11},"end":{"line":2,"column":24}},"1":{"start":{"line":3,"column":13},"end":{"line":3,"column":28}},"2":{"start":{"line":4,"column":16},"end":{"line":4,"column":42}},"3":{"start":{"line":6,"column":21},"end":{"line":6,"column":45}},"4":{"start":{"line":22,"column":13},"end":{"line":28,"column":1}},"5":{"start":{"line":23,"column":20},"end":{"line":23,"column":65}},"6":{"start":{"line":24,"column":19},"end":{"line":24,"column":71}},"7":{"start":{"line":25,"column":16},"end":{"line":25,"column":33}},"8":{"start":{"line":26,"column":2},"end":{"line":26,"column":26}},"9":{"start":{"line":27,"column":2},"end":{"line":27,"column":9}},"10":{"start":{"line":31,"column":13},"end":{"line":39,"column":1}},"11":{"start":{"line":32,"column":2},"end":{"line":38,"column":26}},"12":{"start":{"line":34,"column":6},"end":{"line":36,"column":7}},"13":{"start":{"line":35,"column":8},"end":{"line":35,"column":123}},"14":{"start":{"line":41,"column":0},"end":{"line":41,"column":32}}},"fnMap":{"0":{"name":"(anonymous_0)","decl":{"start":{"line":22,"column":13},"end":{"line":22,"column":14}},"loc":{"start":{"line":22,"column":33},"end":{"line":28,"column":1}},"line":22},"1":{"name":"(anonymous_1)","decl":{"start":{"line":31,"column":13},"end":{"line":31,"column":14}},"loc":{"start":{"line":31,"column":19},"end":{"line":39,"column":1}},"line":31},"2":{"name":"(anonymous_2)","decl":{"start":{"line":33,"column":10},"end":{"line":33,"column":11}},"loc":{"start":{"line":34,"column":6},"end":{"line":36,"column":7}},"line":34},"3":{"name":"(anonymous_3)","decl":{"start":{"line":34,"column":22},"end":{"line":34,"column":23}},"loc":{"start":{"line":35,"column":8},"end":{"line":35,"column":123}},"line":35}},"branchMap":{"0":{"loc":{"start":{"line":35,"column":8},"end":{"line":35,"column":123}},"type":"binary-expr","locations":[{"start":{"line":35,"column":8},"end":{"line":35,"column":62}},{"start":{"line":35,"column":66},"end":{"line":35,"column":123}}],"line":35}},"s":{"0":5,"1":5,"2":5,"3":5,"4":5,"5":17,"6":17,"7":17,"8":17,"9":17,"10":5,"11":0,"12":0,"13":0,"14":5},"f":{"0":17,"1":0,"2":0,"3":0},"b":{"0":[0,0]},"_coverageSchema":"1a1c01bbd47fc00a2c39e90264f33305004495a9","hash":"fff93db56cfae6f953af4de2ad19702c31b6c055"}
,"/Users/DaveeSok/codefellows/myProjects/offerup-back/middleware/timestamp.js": {"path":"/Users/DaveeSok/codefellows/myProjects/offerup-back/middleware/timestamp.js","statementMap":{"0":{"start":{"line":3,"column":0},"end":{"line":6,"column":2}},"1":{"start":{"line":4,"column":2},"end":{"line":4,"column":42}},"2":{"start":{"line":5,"column":2},"end":{"line":5,"column":9}}},"fnMap":{"0":{"name":"(anonymous_0)","decl":{"start":{"line":3,"column":17},"end":{"line":3,"column":18}},"loc":{"start":{"line":3,"column":37},"end":{"line":6,"column":1}},"line":3}},"branchMap":{},"s":{"0":5,"1":21,"2":21},"f":{"0":21},"b":{},"_coverageSchema":"1a1c01bbd47fc00a2c39e90264f33305004495a9","hash":"9864bf2b5fd8ec7a07b67c3ca7ee573e9fadeab9"}
,"/Users/DaveeSok/codefellows/myProjects/offerup-back/models/mongo.js": {"path":"/Users/DaveeSok/codefellows/myProjects/offerup-back/models/mongo.js","statementMap":{"0":{"start":{"line":5,"column":4},"end":{"line":5,"column":25}},"1":{"start":{"line":9,"column":4},"end":{"line":11,"column":11}},"2":{"start":{"line":15,"column":4},"end":{"line":15,"column":41}},"3":{"start":{"line":19,"column":20},"end":{"line":19,"column":43}},"4":{"start":{"line":20,"column":4},"end":{"line":20,"column":28}},"5":{"start":{"line":24,"column":4},"end":{"line":24,"column":69}},"6":{"start":{"line":28,"column":4},"end":{"line":28,"column":46}},"7":{"start":{"line":32,"column":0},"end":{"line":32,"column":23}}},"fnMap":{"0":{"name":"(anonymous_0)","decl":{"start":{"line":4,"column":2},"end":{"line":4,"column":3}},"loc":{"start":{"line":4,"column":22},"end":{"line":6,"column":3}},"line":4},"1":{"name":"(anonymous_1)","decl":{"start":{"line":8,"column":2},"end":{"line":8,"column":3}},"loc":{"start":{"line":8,"column":15},"end":{"line":12,"column":3}},"line":8},"2":{"name":"(anonymous_2)","decl":{"start":{"line":14,"column":2},"end":{"line":14,"column":3}},"loc":{"start":{"line":14,"column":24},"end":{"line":16,"column":3}},"line":14},"3":{"name":"(anonymous_3)","decl":{"start":{"line":18,"column":2},"end":{"line":18,"column":3}},"loc":{"start":{"line":18,"column":17},"end":{"line":21,"column":3}},"line":18},"4":{"name":"(anonymous_4)","decl":{"start":{"line":23,"column":2},"end":{"line":23,"column":3}},"loc":{"start":{"line":23,"column":22},"end":{"line":25,"column":3}},"line":23},"5":{"name":"(anonymous_5)","decl":{"start":{"line":27,"column":2},"end":{"line":27,"column":3}},"loc":{"start":{"line":27,"column":14},"end":{"line":29,"column":3}},"line":27}},"branchMap":{"0":{"loc":{"start":{"line":9,"column":11},"end":{"line":11,"column":10}},"type":"cond-expr","locations":[{"start":{"line":10,"column":8},"end":{"line":10,"column":32}},{"start":{"line":11,"column":8},"end":{"line":11,"column":10}}],"line":9},"1":{"loc":{"start":{"line":14,"column":6},"end":{"line":14,"column":22}},"type":"default-arg","locations":[{"start":{"line":14,"column":20},"end":{"line":14,"column":22}}],"line":14}},"s":{"0":17,"1":0,"2":6,"3":7,"4":7,"5":2,"6":2,"7":3},"f":{"0":17,"1":0,"2":6,"3":7,"4":2,"5":2},"b":{"0":[0,0],"1":[0]},"_coverageSchema":"1a1c01bbd47fc00a2c39e90264f33305004495a9","hash":"25da2be5bf15d6199ca367087653aa72feb37de6"}
,"/Users/DaveeSok/codefellows/myProjects/offerup-back/models/example/example-model.js": {"path":"/Users/DaveeSok/codefellows/myProjects/offerup-back/models/example/example-model.js","statementMap":{"0":{"start":{"line":3,"column":14},"end":{"line":3,"column":36}},"1":{"start":{"line":4,"column":15},"end":{"line":4,"column":45}},"2":{"start":{"line":8,"column":4},"end":{"line":8,"column":18}},"3":{"start":{"line":12,"column":0},"end":{"line":12,"column":25}}},"fnMap":{"0":{"name":"(anonymous_0)","decl":{"start":{"line":7,"column":2},"end":{"line":7,"column":3}},"loc":{"start":{"line":7,"column":16},"end":{"line":9,"column":3}},"line":7}},"branchMap":{},"s":{"0":3,"1":3,"2":17,"3":3},"f":{"0":17},"b":{},"_coverageSchema":"1a1c01bbd47fc00a2c39e90264f33305004495a9","hash":"048c17920c041c6a08becc2d45045a10864ca37d"}
,"/Users/DaveeSok/codefellows/myProjects/offerup-back/models/example/example-schema.js": {"path":"/Users/DaveeSok/codefellows/myProjects/offerup-back/models/example/example-schema.js","statementMap":{"0":{"start":{"line":3,"column":17},"end":{"line":3,"column":36}},"1":{"start":{"line":4,"column":0},"end":{"line":4,"column":48}},"2":{"start":{"line":6,"column":16},"end":{"line":9,"column":2}},"3":{"start":{"line":11,"column":0},"end":{"line":11,"column":52}}},"fnMap":{},"branchMap":{},"s":{"0":3,"1":3,"2":3,"3":3},"f":{},"b":{},"_coverageSchema":"1a1c01bbd47fc00a2c39e90264f33305004495a9","hash":"dca0e741fe43b64e2321f250ebf51ab1599ca6ab"}
}
