TN:
SF:server.js
FN:26,(anonymous_0)
FN:35,(anonymous_1)
FNF:2
FNH:0
FNDA:0,(anonymous_0)
FNDA:0,(anonymous_1)
DA:3,5
DA:5,5
DA:6,5
DA:8,5
DA:9,5
DA:10,5
DA:11,5
DA:12,5
DA:13,5
DA:14,5
DA:16,5
DA:17,5
DA:18,5
DA:19,5
DA:20,5
DA:22,5
DA:23,5
DA:24,5
DA:26,5
DA:27,0
DA:30,5
DA:31,5
DA:33,5
DA:35,0
LF:24
LH:22
BRF:0
BRH:0
end_of_record
TN:
SF:api/v1.js
FN:12,(anonymous_0)
FN:22,getModelList
FN:28,handleGetAll
FN:41,handleGetOne
FN:50,handlePost
FN:59,handlePut
FN:68,handleDelete
FNF:7
FNH:5
FNDA:0,(anonymous_0)
FNDA:0,getModelList
FNDA:2,handleGetAll
FNDA:4,handleGetOne
FNDA:7,handlePost
FNDA:2,handlePut
FNDA:2,handleDelete
DA:3,5
DA:4,5
DA:5,5
DA:6,5
DA:8,5
DA:9,5
DA:12,5
DA:13,0
DA:16,5
DA:17,5
DA:18,5
DA:19,5
DA:20,5
DA:23,0
DA:24,0
DA:25,0
DA:29,2
DA:30,2
DA:31,2
DA:35,2
DA:37,0
DA:42,4
DA:43,4
DA:44,4
DA:46,0
DA:51,7
DA:52,7
DA:53,6
DA:55,1
DA:60,2
DA:61,2
DA:62,2
DA:64,0
DA:69,2
DA:70,2
DA:71,2
DA:73,0
DA:77,5
LF:38
LH:30
BRF:0
BRH:0
end_of_record
TN:
SF:api/v2.js
FN:14,(anonymous_0)
FN:24,getModelList
FN:30,handleGetAll
FN:43,handleGetOne
FN:52,handlePost
FN:61,handlePut
FN:70,handleDelete
FNF:7
FNH:0
FNDA:0,(anonymous_0)
FNDA:0,getModelList
FNDA:0,handleGetAll
FNDA:0,handleGetOne
FNDA:0,handlePost
FNDA:0,handlePut
FNDA:0,handleDelete
DA:3,5
DA:4,5
DA:5,5
DA:6,5
DA:7,5
DA:8,5
DA:10,5
DA:11,5
DA:14,5
DA:15,0
DA:18,5
DA:19,5
DA:20,5
DA:21,5
DA:22,5
DA:25,0
DA:26,0
DA:27,0
DA:31,0
DA:32,0
DA:33,0
DA:37,0
DA:39,0
DA:44,0
DA:45,0
DA:46,0
DA:48,0
DA:53,0
DA:54,0
DA:55,0
DA:57,0
DA:62,0
DA:63,0
DA:64,0
DA:66,0
DA:71,0
DA:72,0
DA:73,0
DA:75,0
DA:79,5
LF:40
LH:15
BRF:0
BRH:0
end_of_record
TN:
SF:auth/middleware/acl.js
FN:3,(anonymous_0)
FN:4,(anonymous_1)
FNF:2
FNH:1
FNDA:30,(anonymous_0)
FNDA:0,(anonymous_1)
DA:3,5
DA:4,30
DA:5,0
DA:6,0
DA:8,0
LF:5
LH:2
BRDA:5,0,0,0
BRDA:5,0,1,0
BRF:2
BRH:0
end_of_record
TN:
SF:auth/middleware/basic.js
FN:6,(anonymous_0)
FNF:1
FNH:1
FNDA:1,(anonymous_0)
DA:3,5
DA:4,5
DA:6,5
DA:7,1
DA:8,1
DA:9,1
DA:10,1
DA:11,1
DA:13,1
DA:15,1
DA:16,1
DA:17,1
DA:19,0
DA:20,0
LF:14
LH:12
BRF:0
BRH:0
end_of_record
TN:
SF:auth/middleware/bearer.js
FN:5,(anonymous_0)
FNF:1
FNH:0
FNDA:0,(anonymous_0)
DA:3,5
DA:5,5
DA:6,0
DA:7,0
DA:9,0
DA:10,0
DA:11,0
DA:12,0
DA:13,0
DA:14,0
DA:16,0
DA:17,0
LF:12
LH:2
BRDA:6,0,0,0
BRDA:6,0,1,0
BRF:2
BRH:0
end_of_record
TN:
SF:auth/models/user-model.js
FN:18,(anonymous_0)
FN:29,(anonymous_1)
FN:33,(anonymous_2)
FN:46,(anonymous_3)
FN:52,(anonymous_4)
FNF:5
FNH:3
FNDA:2,(anonymous_0)
FNDA:0,(anonymous_1)
FNDA:3,(anonymous_2)
FNDA:1,(anonymous_3)
FNDA:0,(anonymous_4)
DA:3,5
DA:4,5
DA:5,5
DA:7,5
DA:18,5
DA:19,2
DA:22,5
DA:29,5
DA:30,0
DA:33,5
DA:34,3
DA:39,3
DA:42,3
DA:43,2
DA:46,5
DA:47,1
DA:48,1
DA:49,1
DA:52,5
DA:53,0
DA:54,0
DA:55,0
DA:58,5
LF:23
LH:19
BRDA:49,0,0,1
BRDA:49,0,1,0
BRF:2
BRH:1
end_of_record
TN:
SF:auth/routes/auth-routes.js
FN:19,handleSignUp
FN:43,handleSignIn
FN:57,getAllusers
FN:67,userCanUpdate
FNF:4
FNH:2
FNDA:2,handleSignUp
FNDA:1,handleSignIn
FNDA:0,getAllusers
FNDA:0,userCanUpdate
DA:3,5
DA:4,5
DA:6,5
DA:7,5
DA:8,5
DA:9,5
DA:11,5
DA:12,5
DA:15,5
DA:16,5
DA:20,2
DA:21,2
DA:27,2
DA:28,2
DA:29,2
DA:31,1
DA:36,1
DA:37,1
DA:39,1
DA:44,1
DA:45,1
DA:49,1
DA:50,1
DA:52,0
DA:58,0
DA:59,0
DA:60,0
DA:61,0
DA:63,0
DA:68,0
DA:71,5
LF:31
LH:24
BRF:0
BRH:0
end_of_record
TN:
SF:middleware/404.js
FN:13,(anonymous_0)
FNF:1
FNH:1
FNDA:1,(anonymous_0)
DA:13,5
DA:14,1
DA:15,1
LF:3
LH:3
BRF:0
BRH:0
end_of_record
TN:
SF:middleware/500.js
FN:15,(anonymous_0)
FNF:1
FNH:1
FNDA:2,(anonymous_0)
DA:15,5
DA:16,2
DA:17,2
LF:3
LH:3
BRF:0
BRH:0
end_of_record
TN:
SF:middleware/logger.js
FN:3,(anonymous_0)
FNF:1
FNH:1
FNDA:21,(anonymous_0)
DA:3,5
DA:4,21
DA:5,21
DA:6,21
LF:4
LH:4
BRF:0
BRH:0
end_of_record
TN:
SF:middleware/model-finder.js
FN:22,(anonymous_0)
FN:31,(anonymous_1)
FN:33,(anonymous_2)
FN:34,(anonymous_3)
FNF:4
FNH:1
FNDA:17,(anonymous_0)
FNDA:0,(anonymous_1)
FNDA:0,(anonymous_2)
FNDA:0,(anonymous_3)
DA:2,5
DA:3,5
DA:4,5
DA:6,5
DA:22,5
DA:23,17
DA:24,17
DA:25,17
DA:26,17
DA:27,17
DA:31,5
DA:32,0
DA:34,0
DA:35,0
DA:41,5
LF:15
LH:12
BRDA:35,0,0,0
BRDA:35,0,1,0
BRF:2
BRH:0
end_of_record
TN:
SF:middleware/timestamp.js
FN:3,(anonymous_0)
FNF:1
FNH:1
FNDA:21,(anonymous_0)
DA:3,5
DA:4,21
DA:5,21
LF:3
LH:3
BRF:0
BRH:0
end_of_record
TN:
SF:models/mongo.js
FN:4,(anonymous_0)
FN:8,(anonymous_1)
FN:14,(anonymous_2)
FN:18,(anonymous_3)
FN:23,(anonymous_4)
FN:27,(anonymous_5)
FNF:6
FNH:5
FNDA:17,(anonymous_0)
FNDA:0,(anonymous_1)
FNDA:6,(anonymous_2)
FNDA:7,(anonymous_3)
FNDA:2,(anonymous_4)
FNDA:2,(anonymous_5)
DA:5,17
DA:9,0
DA:15,6
DA:19,7
DA:20,7
DA:24,2
DA:28,2
DA:32,3
LF:8
LH:7
BRDA:9,0,0,0
BRDA:9,0,1,0
BRDA:14,1,0,0
BRF:3
BRH:0
end_of_record
TN:
SF:models/example/example-model.js
FN:7,(anonymous_0)
FNF:1
FNH:1
FNDA:17,(anonymous_0)
DA:3,3
DA:4,3
DA:8,17
DA:12,3
LF:4
LH:4
BRF:0
BRH:0
end_of_record
TN:
SF:models/example/example-schema.js
FNF:0
FNH:0
DA:3,3
DA:4,3
DA:6,3
DA:11,3
LF:4
LH:4
BRF:0
BRH:0
end_of_record
